0 info it worked if it ends with ok
1 verbose cli [ '/usr/bin/node', '/usr/bin/npm', 'run', 'knex', 'seed:run' ]
2 info using npm@3.5.2
3 info using node@v8.10.0
4 verbose run-script [ 'preknex', 'knex', 'postknex' ]
5 info lifecycle capstone-back@1.0.0~preknex: capstone-back@1.0.0
6 silly lifecycle capstone-back@1.0.0~preknex: no script for preknex, continuing
7 info lifecycle capstone-back@1.0.0~knex: capstone-back@1.0.0
8 verbose lifecycle capstone-back@1.0.0~knex: unsafe-perm in lifecycle true
9 verbose lifecycle capstone-back@1.0.0~knex: PATH: /usr/share/npm/bin/node-gyp-bin:/home/toby/capstone/capstone-back/node_modules/.bin:/home/toby/.local/bin:/home/toby/bin:/usr/local/sbin:/usr/local/bin:/usr/sbin:/usr/bin:/sbin:/bin:/usr/games:/usr/local/games:/snap/bin
10 verbose lifecycle capstone-back@1.0.0~knex: CWD: /home/toby/capstone/capstone-back
11 silly lifecycle capstone-back@1.0.0~knex: Args: [ '-c', 'knex "seed:run"' ]
12 silly lifecycle capstone-back@1.0.0~knex: Returned: code: 1  signal: null
13 info lifecycle capstone-back@1.0.0~knex: Failed to exec knex script
14 verbose stack Error: capstone-back@1.0.0 knex: `knex "seed:run"`
14 verbose stack Exit status 1
14 verbose stack     at EventEmitter.<anonymous> (/usr/share/npm/lib/utils/lifecycle.js:232:16)
14 verbose stack     at emitTwo (events.js:126:13)
14 verbose stack     at EventEmitter.emit (events.js:214:7)
14 verbose stack     at ChildProcess.<anonymous> (/usr/share/npm/lib/utils/spawn.js:24:14)
14 verbose stack     at emitTwo (events.js:126:13)
14 verbose stack     at ChildProcess.emit (events.js:214:7)
14 verbose stack     at maybeClose (internal/child_process.js:925:16)
14 verbose stack     at Process.ChildProcess._handle.onexit (internal/child_process.js:209:5)
15 verbose pkgid capstone-back@1.0.0
16 verbose cwd /home/toby/capstone/capstone-back
17 error Linux 4.15.0-45-generic
18 error argv "/usr/bin/node" "/usr/bin/npm" "run" "knex" "seed:run"
19 error node v8.10.0
20 error npm  v3.5.2
21 error code ELIFECYCLE
22 error capstone-back@1.0.0 knex: `knex "seed:run"`
22 error Exit status 1
23 error Failed at the capstone-back@1.0.0 knex script 'knex "seed:run"'.
23 error Make sure you have the latest version of node.js and npm installed.
23 error If you do, this is most likely a problem with the capstone-back package,
23 error not with npm itself.
23 error Tell the author that this fails on your system:
23 error     knex "seed:run"
23 error You can get information on how to open an issue for this project with:
23 error     npm bugs capstone-back
23 error Or if that isn't available, you can get their info via:
23 error     npm owner ls capstone-back
23 error There is likely additional logging output above.
24 verbose exit [ 1, true ]
